


ARM Macro Assembler    Page 1 


    1 00000000         ;divison of two numbers using repeated subtraction
    2 00000000                 area             reset, data, readonly
    3 00000000                 export           __Vectors
    4 00000000         __Vectors
    5 00000000 10001000        dcd              0x10001000
    6 00000004 00000000        dcd              Reset_Handler
    7 00000008         
    8 00000008                 area             mydata, data,readwrite
    9 00000000 00000000 
                       dst     dcd              0
   10 00000004                 area             mycode, code,readonly
   11 00000000                 export           Reset_Handler
   12 00000000 00000018 
                       n1      dcd              24
   13 00000004 00000004 
                       n2      dcd              04
   14 00000008                 ENTRY
   15 00000008         Reset_Handler
   16 00000008 4807            ldr              r0,=n1
   17 0000000A 4908            ldr              r1,=n2
   18 0000000C F04F 0200       mov              r2,#0       ;store the quotient
                                                            
   19 00000010 6803            ldr              r3, [r0]    ;will store remaind
                                                            er
   20 00000012 680C            ldr              r4, [r1]
   21 00000014         loop
   22 00000014 42A3            cmp              r3, r4
   23 00000016 D201            bcs              skip
   24 00000018 461D            mov              r5,r3
   25 0000001A E004            b                stop
   26 0000001C         
   27 0000001C         skip
   28 0000001C EBA3 0304       sub              r3,r3,r4
   29 00000020 F102 0201       add              r2, #1
   30 00000024 E7F6            b                loop
   31 00000026         stop
   32 00000026 E7FE            b                stop
   33 00000028                 end
              00000000 
              00000000 
Command Line: --debug --xref --cpu=Cortex-M3 --apcs=interwork --depend=.\diviso
n.d -o.\divison.o -IC:\Keil\ARM\RV31\INC -IC:\Keil\ARM\CMSIS\Include -IC:\Keil\
ARM\Inc\NXP\LPC17xx --predefine="__EVAL SETA 1" --list=.\divison.lst divison.s



ARM Macro Assembler    Page 1 Alphabetic symbol ordering
Relocatable symbols

__Vectors 00000000

Symbol: __Vectors
   Definitions
      At line 4 in file divison.s
   Uses
      At line 3 in file divison.s
Comment: __Vectors used once
reset 00000000

Symbol: reset
   Definitions
      At line 2 in file divison.s
   Uses
      None
Comment: reset unused
2 symbols



ARM Macro Assembler    Page 1 Alphabetic symbol ordering
Relocatable symbols

dst 00000000

Symbol: dst
   Definitions
      At line 9 in file divison.s
   Uses
      None
Comment: dst unused
mydata 00000000

Symbol: mydata
   Definitions
      At line 8 in file divison.s
   Uses
      None
Comment: mydata unused
2 symbols



ARM Macro Assembler    Page 1 Alphabetic symbol ordering
Relocatable symbols

Reset_Handler 00000008

Symbol: Reset_Handler
   Definitions
      At line 15 in file divison.s
   Uses
      At line 6 in file divison.s
      At line 11 in file divison.s

loop 00000014

Symbol: loop
   Definitions
      At line 21 in file divison.s
   Uses
      At line 30 in file divison.s
Comment: loop used once
mycode 00000000

Symbol: mycode
   Definitions
      At line 10 in file divison.s
   Uses
      None
Comment: mycode unused
n1 00000000

Symbol: n1
   Definitions
      At line 12 in file divison.s
   Uses
      At line 16 in file divison.s
Comment: n1 used once
n2 00000004

Symbol: n2
   Definitions
      At line 13 in file divison.s
   Uses
      At line 17 in file divison.s
Comment: n2 used once
skip 0000001C

Symbol: skip
   Definitions
      At line 27 in file divison.s
   Uses
      At line 23 in file divison.s
Comment: skip used once
stop 00000026

Symbol: stop
   Definitions
      At line 31 in file divison.s
   Uses
      At line 25 in file divison.s
      At line 32 in file divison.s

7 symbols



ARM Macro Assembler    Page 2 Alphabetic symbol ordering
Relocatable symbols

344 symbols in table
