


ARM Macro Assembler    Page 1 


    1 00000000         ; fibonaaci series
    2 00000000                 area             reset, data, readonly
    3 00000000                 export           __Vectors
    4 00000000         __Vectors
    5 00000000 10001000        dcd              0x10001000
    6 00000004 00000000        dcd              Reset_Handler
    7 00000008         
    8 00000008                 area             mydata, data,readwrite
    9 00000000 00000000 
                       dst     dcd              0
   10 00000004                 area             mycode, code,readonly
   11 00000000                 export           Reset_Handler
   12 00000000 0000000A 
                       n       dcd              10          ; no. of terms of t
                                                            he series to be pri
                                                            nted
   13 00000004         
   14 00000004                 ENTRY
   15 00000004         Reset_Handler
   16 00000004 4807            ldr              r0,=n
   17 00000006 6801            ldr              r1,[r0]
   18 00000008 4A07            ldr              r2,=dst
   19 0000000A         
   20 0000000A F04F 0300       mov              r3, #0
   21 0000000E F04F 0401       mov              r4, #1
   22 00000012         loop
   23 00000012 4423            add              r3,r3,r4
   24 00000014 F842 3B04       str              r3, [r2], #4
   25 00000018 EBA3 0404       sub              r4,r3,r4
   26 0000001C 3901            subs             r1, #1
   27 0000001E D1F8            bne              loop
   28 00000020         
   29 00000020         stop
   30 00000020 E7FE            b                stop
   31 00000022                 end
              00 00 00000000 
              00000000 
Command Line: --debug --xref --cpu=Cortex-M3 --apcs=interwork --depend=.\fibona
cci.d -o.\fibonacci.o -IC:\Keil\ARM\RV31\INC -IC:\Keil\ARM\CMSIS\Include -IC:\K
eil\ARM\Inc\NXP\LPC17xx --predefine="__EVAL SETA 1" --list=.\fibonacci.lst fibo
nacci.s



ARM Macro Assembler    Page 1 Alphabetic symbol ordering
Relocatable symbols

__Vectors 00000000

Symbol: __Vectors
   Definitions
      At line 4 in file fibonacci.s
   Uses
      At line 3 in file fibonacci.s
Comment: __Vectors used once
reset 00000000

Symbol: reset
   Definitions
      At line 2 in file fibonacci.s
   Uses
      None
Comment: reset unused
2 symbols



ARM Macro Assembler    Page 1 Alphabetic symbol ordering
Relocatable symbols

dst 00000000

Symbol: dst
   Definitions
      At line 9 in file fibonacci.s
   Uses
      At line 18 in file fibonacci.s
Comment: dst used once
mydata 00000000

Symbol: mydata
   Definitions
      At line 8 in file fibonacci.s
   Uses
      None
Comment: mydata unused
2 symbols



ARM Macro Assembler    Page 1 Alphabetic symbol ordering
Relocatable symbols

Reset_Handler 00000004

Symbol: Reset_Handler
   Definitions
      At line 15 in file fibonacci.s
   Uses
      At line 6 in file fibonacci.s
      At line 11 in file fibonacci.s

loop 00000012

Symbol: loop
   Definitions
      At line 22 in file fibonacci.s
   Uses
      At line 27 in file fibonacci.s
Comment: loop used once
mycode 00000000

Symbol: mycode
   Definitions
      At line 10 in file fibonacci.s
   Uses
      None
Comment: mycode unused
n 00000000

Symbol: n
   Definitions
      At line 12 in file fibonacci.s
   Uses
      At line 16 in file fibonacci.s
Comment: n used once
stop 00000020

Symbol: stop
   Definitions
      At line 29 in file fibonacci.s
   Uses
      At line 30 in file fibonacci.s
Comment: stop used once
5 symbols
342 symbols in table
