


ARM Macro Assembler    Page 1 


    1 00000000         ;gcd and lcm of numbers
    2 00000000                 area             reset, data, readonly
    3 00000000                 export           __Vectors
    4 00000000         __Vectors
    5 00000000 10001000        dcd              0x10001000
    6 00000004 00000000        dcd              Reset_Handler
    7 00000008         
    8 00000008                 area             mydata, data,readwrite
    9 00000000 00000000 
                       dst     dcd              0
   10 00000004                 area             mycode, code,readonly
   11 00000000                 export           Reset_Handler
   12 00000000 00000023 
                       n1      dcd              35
   13 00000004 00000007 
                       n2      dcd              07
   14 00000008                 ENTRY
   15 00000008         Reset_Handler
   16 00000008 480D            ldr              r0,=n1
   17 0000000A 490E            ldr              r1,=n2
   18 0000000C 4C0E            ldr              r4, =dst
   19 0000000E 6802            ldr              r2, [r0]
   20 00000010 680B            ldr              r3, [r1]
   21 00000012 4615            mov              r5,r2       ; ;temp value
   22 00000014 461E            mov              r6,r3       ; ;temp value
   23 00000016         loop
   24 00000016 42B5            cmp              r5,r6
   25 00000018 D005            beq              stop
   26 0000001A D801            bhi              sub1        ; if r2 > r3 is tru
                                                            e
   27 0000001C EBA6 0605       sub              r6,r6,r5
   28 00000020         sub1
   29 00000020 EBA5 0506       sub              r5,r5,r6
   30 00000024 E7F7            b                loop
   31 00000026         
   32 00000026         stop
   33 00000026 6025            str              r5, [r4]    ;GCD is stored in r
                                                            5
   34 00000028         
   35 00000028         ; now, we will find the LCM
   36 00000028 FB02 F603       mul              r6, r2,r3
   37 0000002C         
   38 0000002C         loop2
   39 0000002C 42AE            cmp              r6, r5
   40 0000002E D201            bcs              skip
   41 00000030 462E            mov              r6,r5
   42 00000032 E004            b                stop2
   43 00000034         
   44 00000034         skip
   45 00000034 EBA6 0605       sub              r6,r6,r5
   46 00000038 F10A 0A01       add              r10, #1     ;r10 contains the q
                                                            uotient i.e. the LC
                                                            M
   47 0000003C E7F6            b                loop2
   48 0000003E         
   49 0000003E         stop2
   50 0000003E E7FE            b                stop2
   51 00000040                 end
              00000000 



ARM Macro Assembler    Page 2 


              00000000 
              00000000 
Command Line: --debug --xref --cpu=Cortex-M3 --apcs=interwork --depend=.\gcd_lc
m.d -o.\gcd_lcm.o -IC:\Keil\ARM\RV31\INC -IC:\Keil\ARM\CMSIS\Include -IC:\Keil\
ARM\Inc\NXP\LPC17xx --predefine="__EVAL SETA 1" --list=.\gcd_lcm.lst gcd_lcm.s



ARM Macro Assembler    Page 1 Alphabetic symbol ordering
Relocatable symbols

__Vectors 00000000

Symbol: __Vectors
   Definitions
      At line 4 in file gcd_lcm.s
   Uses
      At line 3 in file gcd_lcm.s
Comment: __Vectors used once
reset 00000000

Symbol: reset
   Definitions
      At line 2 in file gcd_lcm.s
   Uses
      None
Comment: reset unused
2 symbols



ARM Macro Assembler    Page 1 Alphabetic symbol ordering
Relocatable symbols

dst 00000000

Symbol: dst
   Definitions
      At line 9 in file gcd_lcm.s
   Uses
      At line 18 in file gcd_lcm.s
Comment: dst used once
mydata 00000000

Symbol: mydata
   Definitions
      At line 8 in file gcd_lcm.s
   Uses
      None
Comment: mydata unused
2 symbols



ARM Macro Assembler    Page 1 Alphabetic symbol ordering
Relocatable symbols

Reset_Handler 00000008

Symbol: Reset_Handler
   Definitions
      At line 15 in file gcd_lcm.s
   Uses
      At line 6 in file gcd_lcm.s
      At line 11 in file gcd_lcm.s

loop 00000016

Symbol: loop
   Definitions
      At line 23 in file gcd_lcm.s
   Uses
      At line 30 in file gcd_lcm.s
Comment: loop used once
loop2 0000002C

Symbol: loop2
   Definitions
      At line 38 in file gcd_lcm.s
   Uses
      At line 47 in file gcd_lcm.s
Comment: loop2 used once
mycode 00000000

Symbol: mycode
   Definitions
      At line 10 in file gcd_lcm.s
   Uses
      None
Comment: mycode unused
n1 00000000

Symbol: n1
   Definitions
      At line 12 in file gcd_lcm.s
   Uses
      At line 16 in file gcd_lcm.s
Comment: n1 used once
n2 00000004

Symbol: n2
   Definitions
      At line 13 in file gcd_lcm.s
   Uses
      At line 17 in file gcd_lcm.s
Comment: n2 used once
skip 00000034

Symbol: skip
   Definitions
      At line 44 in file gcd_lcm.s
   Uses
      At line 40 in file gcd_lcm.s
Comment: skip used once
stop 00000026




ARM Macro Assembler    Page 2 Alphabetic symbol ordering
Relocatable symbols

Symbol: stop
   Definitions
      At line 32 in file gcd_lcm.s
   Uses
      At line 25 in file gcd_lcm.s
Comment: stop used once
stop2 0000003E

Symbol: stop2
   Definitions
      At line 49 in file gcd_lcm.s
   Uses
      At line 42 in file gcd_lcm.s
      At line 50 in file gcd_lcm.s

sub1 00000020

Symbol: sub1
   Definitions
      At line 28 in file gcd_lcm.s
   Uses
      At line 26 in file gcd_lcm.s
Comment: sub1 used once
10 symbols
347 symbols in table
