


ARM Macro Assembler    Page 1 


    1 00000000         ; get the sum of n natural numbers
    2 00000000                 area             reset, data, readonly
    3 00000000                 export           __Vectors
    4 00000000         __Vectors
    5 00000000 10001000        dcd              0x10001000
    6 00000004 00000000        dcd              Reset_Handler
    7 00000008         
    8 00000008                 area             mydata, data, readwrite
    9 00000000 00000000 
                       dst     dcd              0
   10 00000004                 area             mycode, code, readonly
   11 00000000                 export           Reset_Handler
   12 00000000 0000000A 
                       src     dcd              10
   13 00000004                 ENTRY
   14 00000004         Reset_Handler
   15 00000004 4804            ldr              r0, =src
   16 00000006 4B05            ldr              r3, =dst
   17 00000008 6801            ldr              r1, [r0]
   18 0000000A F04F 0500       mov              r5, #0      ; r5 will store the
                                                             sum
   19 0000000E FB01 1501       mla              r5,r1,r1,r1
   20 00000012         
   21 00000012 EA4F 0555       lsr              r5, #1
   22 00000016 601D            str              r5,[r3]
   23 00000018                 end
              00000000 
              00000000 
Command Line: --debug --xref --cpu=Cortex-M3 --apcs=interwork --depend=.\sum_n_
natural.d -o.\sum_n_natural.o -IC:\Keil\ARM\RV31\INC -IC:\Keil\ARM\CMSIS\Includ
e -IC:\Keil\ARM\Inc\NXP\LPC17xx --predefine="__EVAL SETA 1" --list=.\sum_n_natu
ral.lst sum_n_natural.s



ARM Macro Assembler    Page 1 Alphabetic symbol ordering
Relocatable symbols

__Vectors 00000000

Symbol: __Vectors
   Definitions
      At line 4 in file sum_n_natural.s
   Uses
      At line 3 in file sum_n_natural.s
Comment: __Vectors used once
reset 00000000

Symbol: reset
   Definitions
      At line 2 in file sum_n_natural.s
   Uses
      None
Comment: reset unused
2 symbols



ARM Macro Assembler    Page 1 Alphabetic symbol ordering
Relocatable symbols

dst 00000000

Symbol: dst
   Definitions
      At line 9 in file sum_n_natural.s
   Uses
      At line 16 in file sum_n_natural.s
Comment: dst used once
mydata 00000000

Symbol: mydata
   Definitions
      At line 8 in file sum_n_natural.s
   Uses
      None
Comment: mydata unused
2 symbols



ARM Macro Assembler    Page 1 Alphabetic symbol ordering
Relocatable symbols

Reset_Handler 00000004

Symbol: Reset_Handler
   Definitions
      At line 14 in file sum_n_natural.s
   Uses
      At line 6 in file sum_n_natural.s
      At line 11 in file sum_n_natural.s

mycode 00000000

Symbol: mycode
   Definitions
      At line 10 in file sum_n_natural.s
   Uses
      None
Comment: mycode unused
src 00000000

Symbol: src
   Definitions
      At line 12 in file sum_n_natural.s
   Uses
      At line 15 in file sum_n_natural.s
Comment: src used once
3 symbols
340 symbols in table
